TN:
SF:src/auto-router.ts
FN:55,loadRoutes
FN:79,validateFileName
FN:108,validateDirPath
FN:109,(anonymous_3)
FN:119,scanDir
FN:178,(anonymous_5)
FN:201,(anonymous_6)
FN:284,(anonymous_7)
FN:326,autoRouter
FN:340,(anonymous_9)
FNF:10
FNH:8
FNDA:2,loadRoutes
FNDA:6,validateFileName
FNDA:0,validateDirPath
FNDA:0,(anonymous_3)
FNDA:2,scanDir
FNDA:6,(anonymous_5)
FNDA:6,(anonymous_6)
FNDA:1,(anonymous_7)
FNDA:3,autoRouter
FNDA:3,(anonymous_9)
DA:64,2
DA:65,2
DA:66,2
DA:67,2
DA:70,2
DA:71,1
DA:80,6
DA:84,6
DA:85,8
DA:86,6
DA:87,6
DA:91,6
DA:92,0
DA:99,6
DA:100,6
DA:101,0
DA:104,6
DA:109,0
DA:110,0
DA:111,0
DA:112,0
DA:115,0
DA:120,2
DA:122,2
DA:123,6
DA:124,6
DA:126,6
DA:128,0
DA:130,0
DA:131,6
DA:133,6
DA:134,6
DA:135,0
DA:136,0
DA:137,0
DA:140,6
DA:141,6
DA:148,6
DA:153,6
DA:154,6
DA:155,6
DA:158,6
DA:159,6
DA:160,0
DA:164,6
DA:165,6
DA:166,6
DA:167,0
DA:168,0
DA:169,0
DA:171,6
DA:174,6
DA:175,6
DA:177,6
DA:179,6
DA:183,6
DA:184,0
DA:188,6
DA:189,0
DA:190,0
DA:191,0
DA:192,0
DA:193,0
DA:194,0
DA:195,0
DA:196,0
DA:197,0
DA:201,6
DA:202,6
DA:203,0
DA:204,0
DA:205,0
DA:206,0
DA:215,6
DA:217,0
DA:218,0
DA:221,0
DA:222,0
DA:223,0
DA:224,0
DA:226,6
DA:229,0
DA:231,0
DA:233,0
DA:234,0
DA:235,0
DA:236,0
DA:237,0
DA:238,0
DA:241,0
DA:242,0
DA:243,0
DA:246,0
DA:247,0
DA:248,0
DA:249,0
DA:252,0
DA:253,0
DA:254,0
DA:257,0
DA:258,0
DA:259,0
DA:260,0
DA:261,0
DA:262,0
DA:263,0
DA:269,6
DA:270,6
DA:271,6
DA:274,6
DA:275,6
DA:276,6
DA:277,0
DA:279,6
DA:282,6
DA:285,1
DA:286,1
DA:289,6
DA:294,2
DA:295,2
DA:296,2
DA:299,2
DA:334,3
DA:340,3
DA:342,3
DA:343,1
DA:345,2
DA:350,1
LF:128
LH:66
BRDA:57,0,0,0
BRDA:70,1,0,1
BRDA:85,2,0,6
BRDA:91,3,0,0
BRDA:100,4,0,0
BRDA:109,5,0,0
BRDA:109,5,1,0
BRDA:109,5,2,0
BRDA:111,6,0,0
BRDA:119,7,0,2
BRDA:126,8,0,0
BRDA:126,8,1,6
BRDA:130,9,0,0
BRDA:130,9,1,0
BRDA:131,10,0,6
BRDA:131,11,0,6
BRDA:131,11,1,0
BRDA:134,12,0,0
BRDA:154,13,0,6
BRDA:159,14,0,0
BRDA:164,15,0,6
BRDA:164,15,1,0
BRDA:166,16,0,0
BRDA:183,17,0,0
BRDA:188,18,0,0
BRDA:188,19,0,6
BRDA:188,19,1,6
BRDA:188,19,2,0
BRDA:202,20,0,0
BRDA:215,21,0,0
BRDA:215,21,1,6
BRDA:221,22,0,0
BRDA:226,23,0,6
BRDA:226,23,1,0
BRDA:229,24,0,0
BRDA:229,24,1,0
BRDA:229,25,0,0
BRDA:229,25,1,0
BRDA:231,26,0,0
BRDA:231,26,1,0
BRDA:233,27,0,0
BRDA:233,27,1,0
BRDA:269,28,0,0
BRDA:269,28,1,6
BRDA:270,29,0,0
BRDA:270,29,1,6
BRDA:276,30,0,0
BRDA:276,30,1,6
BRDA:327,31,0,1
BRDA:335,32,0,3
BRDA:335,32,1,1
BRDA:336,33,0,3
BRDA:336,33,1,2
BRDA:337,34,0,3
BRDA:337,34,1,3
BRDA:338,35,0,3
BRDA:338,35,1,3
BRDA:342,36,0,1
BRF:58
BRH:25
end_of_record
TN:
SF:src/handler.ts
FN:61,createHandler
FN:74,isRouteConfig
FNF:2
FNH:2
FNDA:3,createHandler
FNDA:15,isRouteConfig
DA:62,3
DA:67,3
DA:75,15
LF:3
LH:3
BRDA:64,0,0,3
BRDA:64,0,1,2
BRDA:76,1,0,15
BRDA:76,1,1,13
BRDA:76,1,2,5
BRDA:76,1,3,5
BRF:6
BRH:6
end_of_record
